<?xml version="1.0" encoding="UTF-8"?>
<testsuite name="com.dairy.app.DairyHubApplicationTests" tests="1" skipped="0" failures="0" errors="0" timestamp="2024-12-02T08:38:06" hostname="LAPTOP-K150I56C" time="0.582">
  <properties/>
  <testcase name="contextLoads()" classname="com.dairy.app.DairyHubApplicationTests" time="0.582"/>
  <system-out><![CDATA[Standard Commons Logging discovery in action with spring-jcl: please remove commons-logging.jar from classpath in order to avoid potential conflicts
14:08:00.651 [Test worker] INFO org.springframework.test.context.support.AnnotationConfigContextLoaderUtils -- Could not detect default configuration classes for test class [com.dairy.app.DairyHubApplicationTests]: DairyHubApplicationTests does not declare any static, non-private, non-final, nested classes annotated with @Configuration.
14:08:00.801 [Test worker] INFO org.springframework.boot.test.context.SpringBootTestContextBootstrapper -- Found @SpringBootConfiguration com.dairy.app.DairyHubApplication for test class com.dairy.app.DairyHubApplicationTests

  .   ____          _            __ _ _
 /\\ / ___'_ __ _ _(_)_ __  __ _ \ \ \ \
( ( )\___ | '_ | '_| | '_ \/ _` | \ \ \ \
 \\/  ___)| |_)| | | | | || (_| |  ) ) ) )
  '  |____| .__|_| |_|_| |_\__, | / / / /
 =========|_|==============|___/=/_/_/_/

 :: Spring Boot ::                (v3.3.5)

2024-12-02T14:08:01.314+05:30  WARN 24508 --- [DairyHub] [    Test worker] ory$DuplicateJsonObjectContextCustomizer : 

Found multiple occurrences of org.json.JSONObject on the class path:

	jar:file:/C:/Users/anupm/.gradle/caches/modules-2/files-2.1/org.json/json/20210307/528c8df3757e8bcf151817b1d7b9b434f6aa08d5/json-20210307.jar!/org/json/JSONObject.class
	jar:file:/C:/Users/anupm/.gradle/caches/modules-2/files-2.1/com.vaadin.external.google/android-json/0.0.20131108.vaadin1/fa26d351fe62a6a17f5cda1287c1c6110dec413f/android-json-0.0.20131108.vaadin1.jar!/org/json/JSONObject.class

You may wish to exclude one of them to ensure predictable runtime behavior

2024-12-02T14:08:01.328+05:30  INFO 24508 --- [DairyHub] [    Test worker] com.dairy.app.DairyHubApplicationTests   : Starting DairyHubApplicationTests using Java 17.0.2 with PID 24508 (started by anupm in D:\Sachin\DigitalTrust\DairyHub\DairyHub)
2024-12-02T14:08:01.329+05:30  INFO 24508 --- [DairyHub] [    Test worker] com.dairy.app.DairyHubApplicationTests   : No active profile set, falling back to 1 default profile: "default"
2024-12-02T14:08:02.361+05:30  INFO 24508 --- [DairyHub] [    Test worker] .s.d.r.c.RepositoryConfigurationDelegate : Bootstrapping Spring Data JPA repositories in DEFAULT mode.
2024-12-02T14:08:02.433+05:30  INFO 24508 --- [DairyHub] [    Test worker] .s.d.r.c.RepositoryConfigurationDelegate : Finished Spring Data repository scanning in 62 ms. Found 1 JPA repository interface.
2024-12-02T14:08:03.101+05:30  INFO 24508 --- [DairyHub] [    Test worker] o.hibernate.jpa.internal.util.LogHelper  : HHH000204: Processing PersistenceUnitInfo [name: default]
2024-12-02T14:08:03.262+05:30  INFO 24508 --- [DairyHub] [    Test worker] org.hibernate.Version                    : HHH000412: Hibernate ORM core version 6.5.3.Final
2024-12-02T14:08:03.307+05:30  INFO 24508 --- [DairyHub] [    Test worker] o.h.c.internal.RegionFactoryInitiator    : HHH000026: Second-level cache disabled
2024-12-02T14:08:03.670+05:30  INFO 24508 --- [DairyHub] [    Test worker] o.s.o.j.p.SpringPersistenceUnitInfo      : No LoadTimeWeaver setup: ignoring JPA class transformer
2024-12-02T14:08:03.714+05:30  INFO 24508 --- [DairyHub] [    Test worker] com.zaxxer.hikari.HikariDataSource       : HikariPool-1 - Starting...
2024-12-02T14:08:04.283+05:30  INFO 24508 --- [DairyHub] [    Test worker] com.zaxxer.hikari.pool.HikariPool        : HikariPool-1 - Added connection com.mysql.cj.jdbc.ConnectionImpl@4c2bea52
2024-12-02T14:08:04.286+05:30  INFO 24508 --- [DairyHub] [    Test worker] com.zaxxer.hikari.HikariDataSource       : HikariPool-1 - Start completed.
2024-12-02T14:08:04.361+05:30  WARN 24508 --- [DairyHub] [    Test worker] org.hibernate.orm.deprecation            : HHH90000025: MySQLDialect does not need to be specified explicitly using 'hibernate.dialect' (remove the property setting and it will be selected by default)
2024-12-02T14:08:05.417+05:30  INFO 24508 --- [DairyHub] [    Test worker] o.h.e.t.j.p.i.JtaPlatformInitiator       : HHH000489: No JTA platform available (set 'hibernate.transaction.jta.platform' to enable JTA platform integration)
2024-12-02T14:08:05.649+05:30  INFO 24508 --- [DairyHub] [    Test worker] j.LocalContainerEntityManagerFactoryBean : Initialized JPA EntityManagerFactory for persistence unit 'default'
2024-12-02T14:08:06.350+05:30  WARN 24508 --- [DairyHub] [    Test worker] JpaBaseConfiguration$JpaWebConfiguration : spring.jpa.open-in-view is enabled by default. Therefore, database queries may be performed during view rendering. Explicitly configure spring.jpa.open-in-view to disable this warning
2024-12-02T14:08:06.791+05:30  INFO 24508 --- [DairyHub] [    Test worker] com.dairy.app.DairyHubApplicationTests   : Started DairyHubApplicationTests in 5.743 seconds (process running for 7.732)
]]></system-out>
  <system-err><![CDATA[]]></system-err>
</testsuite>
